<?xml version="1.0" encoding="UTF-8"?>
<testsuite xmlns:xsi="http://www.w3.org/2001/XMLSchema-instance" xsi:noNamespaceSchemaLocation="https://maven.apache.org/surefire/maven-surefire-plugin/xsd/surefire-test-report-3.0.xsd" version="3.0" name="com.smartload.lru.TTLCacheTest" time="2.412" tests="20" errors="0" skipped="0" failures="0">
  <properties>
[...]
</properties>
  <testcase name="testRemoveExpiredEntry" classname="com.smartload.lru.TTLCacheTest" time="0.109"/>
  <testcase name="testConcurrentGetsOnExpiringEntries" classname="com.smartload.lru.TTLCacheTest" time="0.003"/>
  <testcase name="testExpiredWithLRU" classname="com.smartload.lru.TTLCacheTest" time="0.105"/>
  <testcase name="testBackwardCompatibilityBasics" classname="com.smartload.lru.TTLCacheTest" time="0.001"/>
  <testcase name="testClearCache" classname="com.smartload.lru.TTLCacheTest" time="0.0"/>
  <testcase name="testLazyExpiration" classname="com.smartload.lru.TTLCacheTest" time="0.156"/>
  <testcase name="testUpdateResetsTTL" classname="com.smartload.lru.TTLCacheTest" time="0.092"/>
  <testcase name="testUpdateWithoutExplicitTTL" classname="com.smartload.lru.TTLCacheTest" time="0.188"/>
  <testcase name="testGetRemainingTTL" classname="com.smartload.lru.TTLCacheTest" time="0.207"/>
  <testcase name="testCacheStatistics" classname="com.smartload.lru.TTLCacheTest" time="0.109"/>
  <testcase name="testEntryWithoutExpiry" classname="com.smartload.lru.TTLCacheTest" time="0.102"/>
  <testcase name="testConcurrentPutsWithDifferentTTLs" classname="com.smartload.lru.TTLCacheTest" time="0.005"/>
  <testcase name="testContainsKeyWithExpiry" classname="com.smartload.lru.TTLCacheTest" time="0.103"/>
  <testcase name="testCountValidVsSize" classname="com.smartload.lru.TTLCacheTest" time="0.106"/>
  <testcase name="testEntryExpires" classname="com.smartload.lru.TTLCacheTest" time="0.153"/>
  <testcase name="testExpiredWithFIFO" classname="com.smartload.lru.TTLCacheTest" time="0.155"/>
  <testcase name="testActiveCleanup" classname="com.smartload.lru.TTLCacheTest" time="0.124"/>
  <testcase name="testRemainingTTLNonExistent" classname="com.smartload.lru.TTLCacheTest" time="0.001"/>
  <testcase name="testMultipleDifferentTTLs" classname="com.smartload.lru.TTLCacheTest" time="0.557"/>
  <testcase name="testVeryLongTTL" classname="com.smartload.lru.TTLCacheTest" time="0.104"/>
</testsuite>