<?xml version="1.0" encoding="UTF-8"?>
<testsuite xmlns:xsi="http://www.w3.org/2001/XMLSchema-instance" xsi:noNamespaceSchemaLocation="https://maven.apache.org/surefire/maven-surefire-plugin/xsd/surefire-test-report-3.0.xsd" version="3.0" name="com.smartload.lru.LRUCacheTest" time="0.015" tests="4" errors="0" skipped="0" failures="0">
  <properties>
[...]
</properties>
  <testcase name="capacityOne" classname="com.smartload.lru.LRUCacheTest" time="0.007"/>
  <testcase name="updateMovesToHead" classname="com.smartload.lru.LRUCacheTest" time="0.001"/>
  <testcase name="basicPutGet" classname="com.smartload.lru.LRUCacheTest" time="0.0"/>
  <testcase name="sizeReflectsElements" classname="com.smartload.lru.LRUCacheTest" time="0.0"/>
</testsuite>